Line 41: Class MSDataGridLib.DataGrid of control DataGrid1 was not a loaded control class.
Line 108: Class MSAdodcLib.Adodc of control Adodc2 was not a loaded control class.
Line 225: Class MSAdodcLib.Adodc of control Adodc1 was not a loaded control class.
Line 42: The property name Bindings in DataGrid1 is invalid.
Line 48: The property name _ExtentX in DataGrid1 is invalid.
Line 49: The property name _ExtentY in DataGrid1 is invalid.
Line 50: The property name _Version in DataGrid1 is invalid.
Line 52: The property name HeadLines in DataGrid1 is invalid.
Line 53: The property name RowHeight in DataGrid1 is invalid.
Line 62: The property name HeadFont in DataGrid1 is invalid.
Line 72: The property name Caption in DataGrid1 is invalid.
Line 73: The property name ColumnCount in DataGrid1 is invalid.
Line 86: The property name Column00 in DataGrid1 is invalid.
Line 99: The property name Column01 in DataGrid1 is invalid.
Line 100: The property name SplitCount in DataGrid1 is invalid.
Line 106: The property name Split0 in DataGrid1 is invalid.
Line 113: The property name _ExtentX in Adodc2 is invalid.
Line 114: The property name _ExtentY in Adodc2 is invalid.
Line 115: The property name ConnectMode in Adodc2 is invalid.
Line 116: The property name CursorLocation in Adodc2 is invalid.
Line 117: The property name IsolationLevel in Adodc2 is invalid.
Line 118: The property name ConnectionTimeout in Adodc2 is invalid.
Line 119: The property name CommandTimeout in Adodc2 is invalid.
Line 120: The property name CursorType in Adodc2 is invalid.
Line 121: The property name LockType in Adodc2 is invalid.
Line 122: The property name CommandType in Adodc2 is invalid.
Line 123: The property name CursorOptions in Adodc2 is invalid.
Line 124: The property name CacheSize in Adodc2 is invalid.
Line 125: The property name MaxRecords in Adodc2 is invalid.
Line 126: The property name BOFAction in Adodc2 is invalid.
Line 127: The property name EOFAction in Adodc2 is invalid.
Line 128: The property name ConnectStringType in Adodc2 is invalid.
Line 132: The property name Orientation in Adodc2 is invalid.
Line 134: The property name Connect in Adodc2 is invalid.
Line 135: The property name OLEDBString in Adodc2 is invalid.
Line 136: The property name OLEDBFile in Adodc2 is invalid.
Line 137: The property name DataSourceName in Adodc2 is invalid.
Line 138: The property name OtherAttributes in Adodc2 is invalid.
Line 139: The property name UserName in Adodc2 is invalid.
Line 140: The property name Password in Adodc2 is invalid.
Line 141: The property name RecordSource in Adodc2 is invalid.
Line 142: The property name Caption in Adodc2 is invalid.
Line 152: The property name _Version in Adodc2 is invalid.
Line 230: The property name _ExtentX in Adodc1 is invalid.
Line 231: The property name _ExtentY in Adodc1 is invalid.
Line 232: The property name ConnectMode in Adodc1 is invalid.
Line 233: The property name CursorLocation in Adodc1 is invalid.
Line 234: The property name IsolationLevel in Adodc1 is invalid.
Line 235: The property name ConnectionTimeout in Adodc1 is invalid.
Line 236: The property name CommandTimeout in Adodc1 is invalid.
Line 237: The property name CursorType in Adodc1 is invalid.
Line 238: The property name LockType in Adodc1 is invalid.
Line 239: The property name CommandType in Adodc1 is invalid.
Line 240: The property name CursorOptions in Adodc1 is invalid.
Line 241: The property name CacheSize in Adodc1 is invalid.
Line 242: The property name MaxRecords in Adodc1 is invalid.
Line 243: The property name BOFAction in Adodc1 is invalid.
Line 244: The property name EOFAction in Adodc1 is invalid.
Line 245: The property name ConnectStringType in Adodc1 is invalid.
Line 249: The property name Orientation in Adodc1 is invalid.
Line 251: The property name Connect in Adodc1 is invalid.
Line 252: The property name OLEDBString in Adodc1 is invalid.
Line 253: The property name OLEDBFile in Adodc1 is invalid.
Line 254: The property name DataSourceName in Adodc1 is invalid.
Line 255: The property name OtherAttributes in Adodc1 is invalid.
Line 256: The property name UserName in Adodc1 is invalid.
Line 257: The property name Password in Adodc1 is invalid.
Line 258: The property name RecordSource in Adodc1 is invalid.
Line 259: The property name Caption in Adodc1 is invalid.
Line 269: The property name _Version in Adodc1 is invalid.
